<?xml version="1.0" encoding="UTF-8" ?>
<testsuite failures="0" time="0.094" errors="0" skipped="0" tests="7" name="fr.norsys.dojo.mastermind.MastermindTest">
  <properties>
    <property name="java.runtime.name" value="Java(TM) SE Runtime Environment"/>
    <property name="sun.boot.library.path" value="D:\formation\les_outils\jdk1.6.0_27\jre\bin"/>
    <property name="java.vm.version" value="20.2-b06"/>
    <property name="java.vm.vendor" value="Sun Microsystems Inc."/>
    <property name="java.vendor.url" value="http://java.sun.com/"/>
    <property name="path.separator" value=";"/>
    <property name="java.vm.name" value="Java HotSpot(TM) Client VM"/>
    <property name="file.encoding.pkg" value="sun.io"/>
    <property name="user.country" value="FR"/>
    <property name="sun.java.launcher" value="SUN_STANDARD"/>
    <property name="sun.os.patch.level" value="Service Pack 2"/>
    <property name="java.vm.specification.name" value="Java Virtual Machine Specification"/>
    <property name="user.dir" value="D:\formation\workspace\mastermind-project"/>
    <property name="java.runtime.version" value="1.6.0_27-b07"/>
    <property name="java.awt.graphicsenv" value="sun.awt.Win32GraphicsEnvironment"/>
    <property name="basedir" value="D:\formation\workspace\mastermind-project"/>
    <property name="java.endorsed.dirs" value="D:\formation\les_outils\jdk1.6.0_27\jre\lib\endorsed"/>
    <property name="os.arch" value="x86"/>
    <property name="surefire.real.class.path" value="D:\formation\workspace\mastermind-project\target\surefire\surefirebooter55383858380570775.jar"/>
    <property name="java.io.tmpdir" value="C:\WINDOWS\TEMP\"/>
    <property name="line.separator" value="
"/>
    <property name="java.vm.specification.vendor" value="Sun Microsystems Inc."/>
    <property name="user.variant" value=""/>
    <property name="os.name" value="Windows XP"/>
    <property name="sun.jnu.encoding" value="Cp1252"/>
    <property name="java.library.path" value="D:\formation\les_outils\jdk1.6.0_27\jre\bin;C:\WINDOWS\Sun\Java\bin;C:\WINDOWS\system32;C:\WINDOWS;C:/Program Files/Java/jdk1.6.0_27/bin/../jre/bin/client;C:/Program Files/Java/jdk1.6.0_27/bin/../jre/bin;C:/Program Files/Java/jdk1.6.0_27/bin/../jre/lib/i386;C:\WINDOWS\system32;C:\WINDOWS;C:\WINDOWS\System32\Wbem;C:\Program Files\Java\jdk1.6.0_27\bin;D:\formation\les_outils\Ant\apache-ant-1.8.2\bin;C:\Program Files\Java\jdk1.6.0_27\bin;D:\formation\les_outils\Ant\apache-ant-1.8.2\lib;D:\formation\les_outils\Maven\apache-maven-3.0.3\bin;D:\formation\les_outils\springsource-tool-suite-2.7.1.RELEASE-e3.7-win32\springsource\sts-2.7.1.RELEASE;;."/>
    <property name="surefire.test.class.path" value="D:\formation\workspace\mastermind-project\target\test-classes;D:\formation\workspace\mastermind-project\target\classes;D:\formation\les_outils\Maven\repository\junit\junit\4.9\junit-4.9.jar;D:\formation\les_outils\Maven\repository\org\hamcrest\hamcrest-core\1.1\hamcrest-core-1.1.jar;"/>
    <property name="java.specification.name" value="Java Platform API Specification"/>
    <property name="java.class.version" value="50.0"/>
    <property name="sun.management.compiler" value="HotSpot Client Compiler"/>
    <property name="os.version" value="5.1"/>
    <property name="user.home" value="C:\Documents and Settings\technomaker09"/>
    <property name="user.timezone" value=""/>
    <property name="java.awt.printerjob" value="sun.awt.windows.WPrinterJob"/>
    <property name="java.specification.version" value="1.6"/>
    <property name="file.encoding" value="Cp1252"/>
    <property name="user.name" value="technomaker09"/>
    <property name="java.class.path" value="D:\formation\workspace\mastermind-project\target\test-classes;D:\formation\workspace\mastermind-project\target\classes;D:\formation\les_outils\Maven\repository\junit\junit\4.9\junit-4.9.jar;D:\formation\les_outils\Maven\repository\org\hamcrest\hamcrest-core\1.1\hamcrest-core-1.1.jar;"/>
    <property name="java.vm.specification.version" value="1.0"/>
    <property name="sun.arch.data.model" value="32"/>
    <property name="java.home" value="D:\formation\les_outils\jdk1.6.0_27\jre"/>
    <property name="sun.java.command" value="D:\formation\workspace\mastermind-project\target\surefire\surefirebooter55383858380570775.jar D:\formation\workspace\mastermind-project\target\surefire\surefire3760385701881559205tmp D:\formation\workspace\mastermind-project\target\surefire\surefire8114221758505069416tmp"/>
    <property name="java.specification.vendor" value="Sun Microsystems Inc."/>
    <property name="user.language" value="fr"/>
    <property name="awt.toolkit" value="sun.awt.windows.WToolkit"/>
    <property name="java.vm.info" value="mixed mode"/>
    <property name="java.version" value="1.6.0_27"/>
    <property name="java.ext.dirs" value="D:\formation\les_outils\jdk1.6.0_27\jre\lib\ext;C:\WINDOWS\Sun\Java\lib\ext"/>
    <property name="sun.boot.class.path" value="D:\formation\les_outils\jdk1.6.0_27\jre\lib\resources.jar;D:\formation\les_outils\jdk1.6.0_27\jre\lib\rt.jar;D:\formation\les_outils\jdk1.6.0_27\jre\lib\sunrsasign.jar;D:\formation\les_outils\jdk1.6.0_27\jre\lib\jsse.jar;D:\formation\les_outils\jdk1.6.0_27\jre\lib\jce.jar;D:\formation\les_outils\jdk1.6.0_27\jre\lib\charsets.jar;D:\formation\les_outils\jdk1.6.0_27\jre\lib\modules\jdk.boot.jar;D:\formation\les_outils\jdk1.6.0_27\jre\classes"/>
    <property name="java.vendor" value="Sun Microsystems Inc."/>
    <property name="localRepository" value="D:\formation\les_outils\Maven\repository"/>
    <property name="file.separator" value="\"/>
    <property name="java.vendor.url.bug" value="http://java.sun.com/cgi-bin/bugreport.cgi"/>
    <property name="sun.cpu.endian" value="little"/>
    <property name="sun.io.unicode.encoding" value="UnicodeLittle"/>
    <property name="sun.desktop" value="windows"/>
    <property name="sun.cpu.isalist" value=""/>
  </properties>
  <testcase time="0" classname="fr.norsys.dojo.mastermind.MastermindTest" name="shouldAvoirSolution"/>
  <testcase time="0" classname="fr.norsys.dojo.mastermind.MastermindTest" name="shouldSaveSolution"/>
  <testcase time="0" classname="fr.norsys.dojo.mastermind.MastermindTest" name="shouldVerifyOneGood"/>
  <testcase time="0" classname="fr.norsys.dojo.mastermind.MastermindTest" name="shouldVerifyTwoGood"/>
  <testcase time="0" classname="fr.norsys.dojo.mastermind.MastermindTest" name="shouldVerifyOneFalsePosition"/>
  <testcase time="0" classname="fr.norsys.dojo.mastermind.MastermindTest" name="shouldAcceptDifferentSize"/>
  <testcase time="0" classname="fr.norsys.dojo.mastermind.MastermindTest" name="shouldVerifyZeroGood"/>
</testsuite>